[debug] > Exec(early(addDefaultCommands), None, None)
[debug] > Exec(addDefaultCommands, None, None)
[debug] > Exec(early(initialize), None, None)
[debug] > Exec(initialize, None, None)
[debug] > Exec(early(addPluginSbtFile="""C:\Users\vlads\AppData\Local\Temp\idea2.sbt"""), None, None)
[debug] > Exec(addPluginSbtFile="""C:\Users\vlads\AppData\Local\Temp\idea2.sbt""", None, None)
[debug] > Exec(boot, None, None)
[debug] > Exec(writeSbtVersion, None, None)
[debug] > Exec(reload, None, None)
[debug] > Exec(sbtStashOnFailure, None, None)
[debug] > Exec(onFailure loadFailed, None, None)
[debug] > Exec(loadp, None, None)
[info] welcome to sbt 1.4.0 (JetBrains s.r.o. Java 11.0.7)
[debug]       Load.loadUnit: plugins took 175.1238ms
[debug]       Load.loadUnit: defsScala took 0.5776ms
[debug] [Loading] Scanning directory C:\Users\vlads\.sbt\1.0\plugins
[debug] [Loading] Found non-root projects 
[debug] [Loading] Done in C:\Users\vlads\.sbt\1.0\plugins, returning: ()
[debug] deducing auto plugins based on known facts Set(Atom(sbt.plugins.CorePlugin)) and clauses Clauses(List(Clause(Atom(sbt.plugins.JvmPlugin),Set(Atom(sbt.plugins.IvyPlugin))), Clause(Atom(sbt.ScriptedPlugin),Set(Atom(sbt.plugins.JvmPlugin))), Clause(Atom(sbt.plugins.SbtPlugin),Set(Atom(sbt.ScriptedPlugin))), Clause(Atom(sbt.plugins.SemanticdbPlugin),Set(Atom(sbt.plugins.JvmPlugin))), Clause(Atom(sbt.plugins.JUnitXmlReportPlugin),Set(Atom(sbt.plugins.JvmPlugin))), Clause(Atom(sbt.plugins.MiniDependencyTreePlugin),Set(Atom(sbt.plugins.JvmPlugin))), Clause(Atom(sbt.plugins.CorePlugin),Set(Atom(sbt.plugins.IvyPlugin))), Clause(Atom(sbt.plugins.IvyPlugin),Set(Atom(sbt.plugins.JvmPlugin))), Clause(Atom(sbt.plugins.JvmPlugin),Set(Atom(sbt.plugins.SemanticdbPlugin))), Clause(Atom(sbt.plugins.JvmPlugin),Set(Atom(sbt.plugins.JUnitXmlReportPlugin))), Clause(Atom(sbt.plugins.CorePlugin),Set(Atom(sbt.plugins.Giter8TemplatePlugin))), Clause(Atom(sbt.plugins.JvmPlugin),Set(Atom(sbt.plugins.MiniDependencyTreePlugin)))))
[debug]   :: deduced result: Matched(sbt.plugins.CorePlugin,sbt.plugins.Giter8TemplatePlugin,sbt.plugins.IvyPlugin,sbt.plugins.JvmPlugin,sbt.plugins.MiniDependencyTreePlugin,sbt.plugins.JUnitXmlReportPlugin,sbt.plugins.SemanticdbPlugin)
[debug] Plugins.deducer#function took 33.5574 ms
[debug]           Load.resolveProject(global-plugins) took 69.5621ms
[debug]         Load.loadTransitive: finalizeProject(Project(id global-plugins, base: C:\Users\vlads\.sbt\1.0\plugins, plugins: List(<none>))) took 141.2527ms
[debug] [Loading] Done in C:\Users\vlads\.sbt\1.0\plugins, returning: (global-plugins)
[debug]       Load.loadUnit: loadedProjectsRaw took 186.6025ms
[debug]       Load.loadUnit: cleanEvalClasses took 0.2847ms
[debug]     Load.loadUnit(file:/C:/Users/vlads/.sbt/1.0/plugins/, ...) took 377.9333ms
[debug]   Load.apply: load took 703.5023ms
[debug]   Load.apply: resolveProjects took 9.3104ms
[debug]   Load.apply: finalTransforms took 94.4241ms
[debug]   Load.apply: config.delegates took 13.4632ms
[debug]   Load.apply: Def.make(settings)... took 1239.4438ms
[debug]   Load.apply: structureIndex took 161.1022ms
[debug]   Load.apply: mkStreams took 2.8359ms
[info] loading global plugins from C:\Users\vlads\.sbt\1.0\plugins
[debug] Running task... Cancel: Signal, check cycles: false, forcegc: true
[debug] Load.defaultLoad until apply took 4922.925ms
[debug]           Load.loadUnit: plugins took 36.6508ms
[debug]           Load.loadUnit: defsScala took 0.0049ms
[debug] [Loading] Scanning directory D:\Projects Scala\NAUMEN\naumen.scala.course.2020.autumn\homeworks\homework_1\task_3\project
[debug]             Load.loadUnit: mkEval took 10.2446ms
[debug] [Loading] Found non-root projects 
[debug] [Loading] Done in D:\Projects Scala\NAUMEN\naumen.scala.course.2020.autumn\homeworks\homework_1\task_3\project, returning: ()
[debug] deducing auto plugins based on known facts Set(Atom(sbt.plugins.CorePlugin)) and clauses Clauses(List(Clause(Atom(sbt.plugins.JvmPlugin),Set(Atom(sbt.plugins.IvyPlugin))), Clause(Atom(sbt.ScriptedPlugin),Set(Atom(sbt.plugins.JvmPlugin))), Clause(Atom(sbt.plugins.SbtPlugin),Set(Atom(sbt.ScriptedPlugin))), Clause(Atom(sbt.plugins.SemanticdbPlugin),Set(Atom(sbt.plugins.JvmPlugin))), Clause(Atom(sbt.plugins.JUnitXmlReportPlugin),Set(Atom(sbt.plugins.JvmPlugin))), Clause(Atom(sbt.plugins.MiniDependencyTreePlugin),Set(Atom(sbt.plugins.JvmPlugin))), Clause(Atom(sbt.plugins.CorePlugin),Set(Atom(sbt.plugins.IvyPlugin))), Clause(Atom(sbt.plugins.IvyPlugin),Set(Atom(sbt.plugins.JvmPlugin))), Clause(Atom(sbt.plugins.JvmPlugin),Set(Atom(sbt.plugins.SemanticdbPlugin))), Clause(Atom(sbt.plugins.JvmPlugin),Set(Atom(sbt.plugins.JUnitXmlReportPlugin))), Clause(Atom(sbt.plugins.CorePlugin),Set(Atom(sbt.plugins.Giter8TemplatePlugin))), Clause(Atom(sbt.plugins.JvmPlugin),Set(Atom(sbt.plugins.MiniDependencyTreePlugin)))))
[debug]   :: deduced result: Matched(sbt.plugins.CorePlugin,sbt.plugins.Giter8TemplatePlugin,sbt.plugins.IvyPlugin,sbt.plugins.JvmPlugin,sbt.plugins.MiniDependencyTreePlugin,sbt.plugins.JUnitXmlReportPlugin,sbt.plugins.SemanticdbPlugin)
[debug] Plugins.deducer#function took 2.252 ms
[info] loading settings for project task_3-build from idea2.sbt ...
[debug]               Load.resolveProject(task_3-build) took 5.9614ms
[debug]             Load.loadTransitive: finalizeProject(Project(id task_3-build, base: D:\Projects Scala\NAUMEN\naumen.scala.course.2020.autumn\homeworks\homework_1\task_3\project, plugins: List(<none>))) took 9.0981ms
[debug] [Loading] Done in D:\Projects Scala\NAUMEN\naumen.scala.course.2020.autumn\homeworks\homework_1\task_3\project, returning: (task_3-build)
[debug]           Load.loadUnit: loadedProjectsRaw took 235.8343ms
[debug]           Load.loadUnit: cleanEvalClasses took 6.5828ms
[debug]         Load.loadUnit(file:/D:/Projects%20Scala/NAUMEN/naumen.scala.course.2020.autumn/homeworks/homework_1/task_3/project/, ...) took 280.2339ms
[debug]       Load.apply: load took 282.2481ms
[debug]       Load.apply: resolveProjects took 0.2912ms
[debug]       Load.apply: finalTransforms took 14.37ms
[debug]       Load.apply: config.delegates took 0.6739ms
[debug]       Load.apply: Def.make(settings)... took 125.1083ms
[debug]       Load.apply: structureIndex took 48.82ms
[debug]       Load.apply: mkStreams took 0.0034ms
[info] loading project definition from D:\Projects Scala\NAUMEN\naumen.scala.course.2020.autumn\homeworks\homework_1\task_3\project
[debug] Running task... Cancel: Signal, check cycles: false, forcegc: true
[debug]     Load.loadUnit: plugins took 997.389ms
[debug]     Load.loadUnit: defsScala took 0.0062ms
[debug] [Loading] Scanning directory D:\Projects Scala\NAUMEN\naumen.scala.course.2020.autumn\homeworks\homework_1\task_3
[debug]       Load.loadUnit: mkEval took 0.2454ms
[debug] [Loading] Found non-root projects 
[debug] [Loading] Done in D:\Projects Scala\NAUMEN\naumen.scala.course.2020.autumn\homeworks\homework_1\task_3, returning: ()
[debug] deducing auto plugins based on known facts Set(Atom(sbt.plugins.CorePlugin)) and clauses Clauses(List(Clause(Atom(sbt.plugins.JvmPlugin),Set(Atom(sbt.plugins.IvyPlugin))), Clause(Atom(sbt.ScriptedPlugin),Set(Atom(sbt.plugins.JvmPlugin))), Clause(Atom(sbt.plugins.SbtPlugin),Set(Atom(sbt.ScriptedPlugin))), Clause(Atom(sbt.plugins.SemanticdbPlugin),Set(Atom(sbt.plugins.JvmPlugin))), Clause(Atom(sbt.plugins.JUnitXmlReportPlugin),Set(Atom(sbt.plugins.JvmPlugin))), Clause(Atom(sbt.plugins.MiniDependencyTreePlugin),Set(Atom(sbt.plugins.JvmPlugin))), Clause(Atom(org.jetbrains.sbt.StructurePlugin),Set(Atom(sbt.plugins.JvmPlugin))), Clause(Atom(org.jetbrains.sbt.IdeaShellPlugin),Set(Atom(sbt.plugins.JvmPlugin))), Clause(Atom(org.jetbrains.sbt.indices.SbtIntellijIndicesPlugin),Set(Atom(sbt.plugins.JvmPlugin))), Clause(Atom(sbt.plugins.CorePlugin),Set(Atom(sbt.plugins.IvyPlugin))), Clause(Atom(sbt.plugins.IvyPlugin),Set(Atom(sbt.plugins.JvmPlugin))), Clause(Atom(sbt.plugins.JvmPlugin),Set(Atom(sbt.plugins.SemanticdbPlugin))), Clause(Atom(sbt.plugins.JvmPlugin),Set(Atom(sbt.plugins.JUnitXmlReportPlugin))), Clause(Atom(sbt.plugins.CorePlugin),Set(Atom(sbt.plugins.Giter8TemplatePlugin))), Clause(Atom(sbt.plugins.JvmPlugin),Set(Atom(sbt.plugins.MiniDependencyTreePlugin))), Clause(Atom(sbt.plugins.JvmPlugin),Set(Atom(org.jetbrains.sbt.StructurePlugin))), Clause(Atom(sbt.plugins.JvmPlugin),Set(Atom(org.jetbrains.sbt.IdeaShellPlugin))), Clause(And(Set(Atom(sbt.plugins.CorePlugin), Atom(sbt.plugins.JvmPlugin))),Set(Atom(org.jetbrains.sbt.indices.SbtIntellijIndicesPlugin)))))
[debug]   :: deduced result: Matched(sbt.plugins.CorePlugin,sbt.plugins.Giter8TemplatePlugin,sbt.plugins.IvyPlugin,sbt.plugins.JvmPlugin,sbt.plugins.SemanticdbPlugin,org.jetbrains.sbt.indices.SbtIntellijIndicesPlugin,sbt.plugins.JUnitXmlReportPlugin,org.jetbrains.sbt.IdeaShellPlugin,org.jetbrains.sbt.StructurePlugin,sbt.plugins.MiniDependencyTreePlugin)
[debug] Plugins.deducer#function took 4.4229 ms
[info] loading settings for project task_3 from build.sbt ...
[debug]         Load.resolveProject(task_3) took 42.3766ms
[debug]       Load.loadTransitive: finalizeProject(Project(id task_3, base: D:\Projects Scala\NAUMEN\naumen.scala.course.2020.autumn\homeworks\homework_1\task_3, plugins: List(<none>))) took 48.3868ms
[debug] [Loading] Done in D:\Projects Scala\NAUMEN\naumen.scala.course.2020.autumn\homeworks\homework_1\task_3, returning: (task_3)
[debug]     Load.loadUnit: loadedProjectsRaw took 94.3844ms
[debug]     Load.loadUnit: cleanEvalClasses took 4.6211ms
[debug]   Load.loadUnit(file:/D:/Projects%20Scala/NAUMEN/naumen.scala.course.2020.autumn/homeworks/homework_1/task_3/, ...) took 1097.2736ms
[debug] Load.apply: load took 1099.6983ms
[debug] Load.apply: resolveProjects took 0.1594ms
[debug] Load.apply: finalTransforms took 40.5406ms
[debug] Load.apply: config.delegates took 0.5026ms
[debug] Load.apply: Def.make(settings)... took 129.6062ms
[debug] Load.apply: structureIndex took 36.4257ms
[debug] Load.apply: mkStreams took 0.0028ms
[info] set current project to FirstSbt (in build file:/D:/Projects%20Scala/NAUMEN/naumen.scala.course.2020.autumn/homeworks/homework_1/task_3/)
[debug] > Exec(sbtPopOnFailure, None, None)
[debug] > Exec(resumeFromFailure, None, None)
[debug] > Exec(notifyUsersAboutShell, None, None)
[debug] > Exec(iflast shell, None, None)
[debug] > Exec(; set ideaPort in Global := 63984 ; idea-shell, None, None)
[debug] > Exec(set ideaPort in Global := 63984, None, None)
[info] Defining Global / ideaPort
[info] The new value will be used by Compile / compile, Test / compile
[debug] Defining 
[debug] 	Global / ideaPort
[debug] 
[debug] The new value will be used by 
[debug] 	Compile / compile
[debug] 	Test / compile
[info] Reapplying settings...
[info] set current project to FirstSbt (in build file:/D:/Projects%20Scala/NAUMEN/naumen.scala.course.2020.autumn/homeworks/homework_1/task_3/)
[debug] > Exec(idea-shell, None, None)
