[debug] > Exec(early(addDefaultCommands), None, None)
[debug] > Exec(addDefaultCommands, None, None)
[debug] > Exec(early(initialize), None, None)
[debug] > Exec(initialize, None, None)
[debug] > Exec(early(addPluginSbtFile="""C:\Users\vlads\AppData\Local\Temp\idea1.sbt"""), None, None)
[debug] > Exec(addPluginSbtFile="""C:\Users\vlads\AppData\Local\Temp\idea1.sbt""", None, None)
[debug] > Exec(boot, None, None)
[debug] > Exec(writeSbtVersion, None, None)
[debug] > Exec(reload, None, None)
[debug] > Exec(sbtStashOnFailure, None, None)
[debug] > Exec(onFailure loadFailed, None, None)
[debug] > Exec(loadp, None, None)
[info] welcome to sbt 1.4.0 (JetBrains s.r.o. Java 11.0.7)
[debug]       Load.loadUnit: plugins took 184.6964ms
[debug]       Load.loadUnit: defsScala took 0.5497ms
[debug] [Loading] Scanning directory C:\Users\vlads\.sbt\1.0\plugins
[debug] [Loading] Found non-root projects 
[debug] [Loading] Done in C:\Users\vlads\.sbt\1.0\plugins, returning: ()
[debug] deducing auto plugins based on known facts Set(Atom(sbt.plugins.CorePlugin)) and clauses Clauses(List(Clause(Atom(sbt.plugins.JvmPlugin),Set(Atom(sbt.plugins.IvyPlugin))), Clause(Atom(sbt.ScriptedPlugin),Set(Atom(sbt.plugins.JvmPlugin))), Clause(Atom(sbt.plugins.SbtPlugin),Set(Atom(sbt.ScriptedPlugin))), Clause(Atom(sbt.plugins.SemanticdbPlugin),Set(Atom(sbt.plugins.JvmPlugin))), Clause(Atom(sbt.plugins.JUnitXmlReportPlugin),Set(Atom(sbt.plugins.JvmPlugin))), Clause(Atom(sbt.plugins.MiniDependencyTreePlugin),Set(Atom(sbt.plugins.JvmPlugin))), Clause(Atom(sbt.plugins.CorePlugin),Set(Atom(sbt.plugins.IvyPlugin))), Clause(Atom(sbt.plugins.IvyPlugin),Set(Atom(sbt.plugins.JvmPlugin))), Clause(Atom(sbt.plugins.JvmPlugin),Set(Atom(sbt.plugins.SemanticdbPlugin))), Clause(Atom(sbt.plugins.JvmPlugin),Set(Atom(sbt.plugins.JUnitXmlReportPlugin))), Clause(Atom(sbt.plugins.CorePlugin),Set(Atom(sbt.plugins.Giter8TemplatePlugin))), Clause(Atom(sbt.plugins.JvmPlugin),Set(Atom(sbt.plugins.MiniDependencyTreePlugin)))))
[debug]   :: deduced result: Matched(sbt.plugins.CorePlugin,sbt.plugins.Giter8TemplatePlugin,sbt.plugins.IvyPlugin,sbt.plugins.JvmPlugin,sbt.plugins.MiniDependencyTreePlugin,sbt.plugins.JUnitXmlReportPlugin,sbt.plugins.SemanticdbPlugin)
[debug] Plugins.deducer#function took 39.213 ms
[debug]           Load.resolveProject(global-plugins) took 70.8888ms
[debug]         Load.loadTransitive: finalizeProject(Project(id global-plugins, base: C:\Users\vlads\.sbt\1.0\plugins, plugins: List(<none>))) took 153.9477ms
[debug] [Loading] Done in C:\Users\vlads\.sbt\1.0\plugins, returning: (global-plugins)
[debug]       Load.loadUnit: loadedProjectsRaw took 193.0891ms
[debug]       Load.loadUnit: cleanEvalClasses took 0.3998ms
[debug]     Load.loadUnit(file:/C:/Users/vlads/.sbt/1.0/plugins/, ...) took 393.7772ms
[debug]   Load.apply: load took 737.2709ms
[debug]   Load.apply: resolveProjects took 7.4491ms
[debug]   Load.apply: finalTransforms took 124.382ms
[debug]   Load.apply: config.delegates took 14.6541ms
[debug]   Load.apply: Def.make(settings)... took 1163.3065ms
[debug]   Load.apply: structureIndex took 158.0456ms
[debug]   Load.apply: mkStreams took 2.3957ms
[info] loading global plugins from C:\Users\vlads\.sbt\1.0\plugins
[debug] Running task... Cancel: Signal, check cycles: false, forcegc: true
[debug] Load.defaultLoad until apply took 4708.331ms
[debug]           Load.loadUnit: plugins took 35.087ms
[debug]           Load.loadUnit: defsScala took 0.0048ms
[debug] [Loading] Scanning directory D:\Projects Scala\NAUMEN\naumen.scala.course.2020.autumn\homeworks\homework_1\task_3\project
[debug]             Load.loadUnit: mkEval took 9.6689ms
[debug] [Loading] Found non-root projects 
[debug] [Loading] Done in D:\Projects Scala\NAUMEN\naumen.scala.course.2020.autumn\homeworks\homework_1\task_3\project, returning: ()
[debug] deducing auto plugins based on known facts Set(Atom(sbt.plugins.CorePlugin)) and clauses Clauses(List(Clause(Atom(sbt.plugins.JvmPlugin),Set(Atom(sbt.plugins.IvyPlugin))), Clause(Atom(sbt.ScriptedPlugin),Set(Atom(sbt.plugins.JvmPlugin))), Clause(Atom(sbt.plugins.SbtPlugin),Set(Atom(sbt.ScriptedPlugin))), Clause(Atom(sbt.plugins.SemanticdbPlugin),Set(Atom(sbt.plugins.JvmPlugin))), Clause(Atom(sbt.plugins.JUnitXmlReportPlugin),Set(Atom(sbt.plugins.JvmPlugin))), Clause(Atom(sbt.plugins.MiniDependencyTreePlugin),Set(Atom(sbt.plugins.JvmPlugin))), Clause(Atom(sbt.plugins.CorePlugin),Set(Atom(sbt.plugins.IvyPlugin))), Clause(Atom(sbt.plugins.IvyPlugin),Set(Atom(sbt.plugins.JvmPlugin))), Clause(Atom(sbt.plugins.JvmPlugin),Set(Atom(sbt.plugins.SemanticdbPlugin))), Clause(Atom(sbt.plugins.JvmPlugin),Set(Atom(sbt.plugins.JUnitXmlReportPlugin))), Clause(Atom(sbt.plugins.CorePlugin),Set(Atom(sbt.plugins.Giter8TemplatePlugin))), Clause(Atom(sbt.plugins.JvmPlugin),Set(Atom(sbt.plugins.MiniDependencyTreePlugin)))))
[debug]   :: deduced result: Matched(sbt.plugins.CorePlugin,sbt.plugins.Giter8TemplatePlugin,sbt.plugins.IvyPlugin,sbt.plugins.JvmPlugin,sbt.plugins.MiniDependencyTreePlugin,sbt.plugins.JUnitXmlReportPlugin,sbt.plugins.SemanticdbPlugin)
[debug] Plugins.deducer#function took 2.1893 ms
[info] loading settings for project task_3-build from idea1.sbt ...
[debug]               Load.resolveProject(task_3-build) took 3.9584ms
[debug]             Load.loadTransitive: finalizeProject(Project(id task_3-build, base: D:\Projects Scala\NAUMEN\naumen.scala.course.2020.autumn\homeworks\homework_1\task_3\project, plugins: List(<none>))) took 6.813ms
[debug] [Loading] Done in D:\Projects Scala\NAUMEN\naumen.scala.course.2020.autumn\homeworks\homework_1\task_3\project, returning: (task_3-build)
[debug]           Load.loadUnit: loadedProjectsRaw took 194.1007ms
[debug]           Load.loadUnit: cleanEvalClasses took 5.7578ms
[debug]         Load.loadUnit(file:/D:/Projects%20Scala/NAUMEN/naumen.scala.course.2020.autumn/homeworks/homework_1/task_3/project/, ...) took 236.0656ms
[debug]       Load.apply: load took 237.6922ms
[debug]       Load.apply: resolveProjects took 0.1334ms
[debug]       Load.apply: finalTransforms took 15.493ms
[debug]       Load.apply: config.delegates took 0.4563ms
[debug]       Load.apply: Def.make(settings)... took 125.6615ms
[debug]       Load.apply: structureIndex took 44.5498ms
[debug]       Load.apply: mkStreams took 0.0036ms
[info] loading project definition from D:\Projects Scala\NAUMEN\naumen.scala.course.2020.autumn\homeworks\homework_1\task_3\project
[debug] Running task... Cancel: Signal, check cycles: false, forcegc: true
[debug]     Load.loadUnit: plugins took 948.9706ms
[debug]     Load.loadUnit: defsScala took 0.0042ms
[debug] [Loading] Scanning directory D:\Projects Scala\NAUMEN\naumen.scala.course.2020.autumn\homeworks\homework_1\task_3
[debug]       Load.loadUnit: mkEval took 0.312ms
[debug] [Loading] Found non-root projects 
[debug] [Loading] Done in D:\Projects Scala\NAUMEN\naumen.scala.course.2020.autumn\homeworks\homework_1\task_3, returning: ()
[debug] deducing auto plugins based on known facts Set(Atom(sbt.plugins.CorePlugin)) and clauses Clauses(List(Clause(Atom(sbt.plugins.JvmPlugin),Set(Atom(sbt.plugins.IvyPlugin))), Clause(Atom(sbt.ScriptedPlugin),Set(Atom(sbt.plugins.JvmPlugin))), Clause(Atom(sbt.plugins.SbtPlugin),Set(Atom(sbt.ScriptedPlugin))), Clause(Atom(sbt.plugins.SemanticdbPlugin),Set(Atom(sbt.plugins.JvmPlugin))), Clause(Atom(sbt.plugins.JUnitXmlReportPlugin),Set(Atom(sbt.plugins.JvmPlugin))), Clause(Atom(sbt.plugins.MiniDependencyTreePlugin),Set(Atom(sbt.plugins.JvmPlugin))), Clause(Atom(org.jetbrains.sbt.StructurePlugin),Set(Atom(sbt.plugins.JvmPlugin))), Clause(Atom(org.jetbrains.sbt.IdeaShellPlugin),Set(Atom(sbt.plugins.JvmPlugin))), Clause(Atom(org.jetbrains.sbt.indices.SbtIntellijIndicesPlugin),Set(Atom(sbt.plugins.JvmPlugin))), Clause(Atom(sbt.plugins.CorePlugin),Set(Atom(sbt.plugins.IvyPlugin))), Clause(Atom(sbt.plugins.IvyPlugin),Set(Atom(sbt.plugins.JvmPlugin))), Clause(Atom(sbt.plugins.JvmPlugin),Set(Atom(sbt.plugins.SemanticdbPlugin))), Clause(Atom(sbt.plugins.JvmPlugin),Set(Atom(sbt.plugins.JUnitXmlReportPlugin))), Clause(Atom(sbt.plugins.CorePlugin),Set(Atom(sbt.plugins.Giter8TemplatePlugin))), Clause(Atom(sbt.plugins.JvmPlugin),Set(Atom(sbt.plugins.MiniDependencyTreePlugin))), Clause(Atom(sbt.plugins.JvmPlugin),Set(Atom(org.jetbrains.sbt.StructurePlugin))), Clause(Atom(sbt.plugins.JvmPlugin),Set(Atom(org.jetbrains.sbt.IdeaShellPlugin))), Clause(And(Set(Atom(sbt.plugins.CorePlugin), Atom(sbt.plugins.JvmPlugin))),Set(Atom(org.jetbrains.sbt.indices.SbtIntellijIndicesPlugin)))))
[debug]   :: deduced result: Matched(sbt.plugins.CorePlugin,sbt.plugins.Giter8TemplatePlugin,sbt.plugins.IvyPlugin,sbt.plugins.JvmPlugin,sbt.plugins.SemanticdbPlugin,org.jetbrains.sbt.indices.SbtIntellijIndicesPlugin,sbt.plugins.JUnitXmlReportPlugin,org.jetbrains.sbt.IdeaShellPlugin,org.jetbrains.sbt.StructurePlugin,sbt.plugins.MiniDependencyTreePlugin)
[debug] Plugins.deducer#function took 3.6631 ms
[info] loading settings for project task_3 from build.sbt ...
[debug]         Load.resolveProject(task_3) took 64.87ms
[debug]       Load.loadTransitive: finalizeProject(Project(id task_3, base: D:\Projects Scala\NAUMEN\naumen.scala.course.2020.autumn\homeworks\homework_1\task_3, plugins: List(<none>))) took 70.0008ms
[debug] [Loading] Done in D:\Projects Scala\NAUMEN\naumen.scala.course.2020.autumn\homeworks\homework_1\task_3, returning: (task_3)
[debug]     Load.loadUnit: loadedProjectsRaw took 120.2099ms
[debug]     Load.loadUnit: cleanEvalClasses took 3.6041ms
[debug]   Load.loadUnit(file:/D:/Projects%20Scala/NAUMEN/naumen.scala.course.2020.autumn/homeworks/homework_1/task_3/, ...) took 1073.512ms
[debug] Load.apply: load took 1075.8366ms
[debug] Load.apply: resolveProjects took 0.1416ms
[debug] Load.apply: finalTransforms took 38.271ms
[debug] Load.apply: config.delegates took 0.5247ms
[debug] Load.apply: Def.make(settings)... took 121.9024ms
[debug] Load.apply: structureIndex took 36.595ms
[debug] Load.apply: mkStreams took 0.0029ms
[info] set current project to FirstSbt (in build file:/D:/Projects%20Scala/NAUMEN/naumen.scala.course.2020.autumn/homeworks/homework_1/task_3/)
[debug] > Exec(sbtPopOnFailure, None, None)
[debug] > Exec(resumeFromFailure, None, None)
[debug] > Exec(notifyUsersAboutShell, None, None)
[debug] > Exec(iflast shell, None, None)
[debug] > Exec(; set ideaPort in Global := 63984 ; idea-shell, None, None)
[debug] > Exec(set ideaPort in Global := 63984, None, None)
[info] Defining Global / ideaPort
[info] The new value will be used by Compile / compile, Test / compile
[debug] Defining 
[debug] 	Global / ideaPort
[debug] 
[debug] The new value will be used by 
[debug] 	Compile / compile
[debug] 	Test / compile
[info] Reapplying settings...
[info] set current project to FirstSbt (in build file:/D:/Projects%20Scala/NAUMEN/naumen.scala.course.2020.autumn/homeworks/homework_1/task_3/)
[debug] > Exec(idea-shell, None, None)
